<?xml version="1.0" encoding="UTF-8"?>
<testng-results ignored="0" total="3" passed="3" failed="0" skipped="0">
  <reporter-output>
    <line>
      <![CDATA[PASS: User is logged in]]>
    </line>
    <line>
      <![CDATA[PASS: User is logged in]]>
    </line>
    <line>
      <![CDATA[PASS: User is logged in]]>
    </line>
  </reporter-output>
  <suite started-at="2022-06-14T13:12:59 IST" name="Default suite" finished-at="2022-06-14T13:13:44 IST" duration-ms="45413">
    <groups>
    </groups>
    <test started-at="2022-06-14T13:12:59 IST" name="Default test" finished-at="2022-06-14T13:13:44 IST" duration-ms="45413">
      <class name="poMRepositorycreate.LoginTC">
        <test-method is-config="true" signature="Openhrome(java.lang.String)[pri:0, instance:poMRepositorycreate.LoginTC@2df9b86]" started-at="2022-06-14T13:12:59 IST" name="Openhrome" finished-at="2022-06-14T13:13:05 IST" duration-ms="6335" status="PASS">
          <params>
            <param index="0">
              <value>
                <![CDATA[chrome]]>
              </value>
            </param>
          </params>
          <reporter-output>
          </reporter-output>
        </test-method> <!-- Openhrome -->
        <test-method signature="TC_01(java.lang.String,java.lang.String)[pri:0, instance:poMRepositorycreate.LoginTC@2df9b86]" started-at="2022-06-14T13:13:10 IST" name="TC_01" data-provider="TestData" finished-at="2022-06-14T13:13:31 IST" duration-ms="21043" status="PASS">
          <params>
            <param index="0">
              <value>
                <![CDATA[ajaybandari@123.com]]>
              </value>
            </param>
            <param index="1">
              <value>
                <![CDATA[Ajay@123321]]>
              </value>
            </param>
          </params>
          <reporter-output>
            <line>
              <![CDATA[PASS: User is logged in]]>
            </line>
          </reporter-output>
        </test-method> <!-- TC_01 -->
        <test-method signature="TC_01(java.lang.String,java.lang.String)[pri:0, instance:poMRepositorycreate.LoginTC@2df9b86]" started-at="2022-06-14T13:13:31 IST" name="TC_01" data-provider="TestData" finished-at="2022-06-14T13:13:37 IST" duration-ms="5680" status="PASS">
          <params>
            <param index="0">
              <value>
                <![CDATA[darshanshetty@123.com]]>
              </value>
            </param>
            <param index="1">
              <value>
                <![CDATA[Darshan@1999]]>
              </value>
            </param>
          </params>
          <reporter-output>
            <line>
              <![CDATA[PASS: User is logged in]]>
            </line>
          </reporter-output>
        </test-method> <!-- TC_01 -->
        <test-method signature="TC_01(java.lang.String,java.lang.String)[pri:0, instance:poMRepositorycreate.LoginTC@2df9b86]" started-at="2022-06-14T13:13:37 IST" name="TC_01" data-provider="TestData" finished-at="2022-06-14T13:13:43 IST" duration-ms="6134" status="PASS">
          <params>
            <param index="0">
              <value>
                <![CDATA[kallesh@kalki.com]]>
              </value>
            </param>
            <param index="1">
              <value>
                <![CDATA[Doctor@me]]>
              </value>
            </param>
          </params>
          <reporter-output>
            <line>
              <![CDATA[PASS: User is logged in]]>
            </line>
          </reporter-output>
        </test-method> <!-- TC_01 -->
        <test-method is-config="true" signature="CloseBrowser()[pri:0, instance:poMRepositorycreate.LoginTC@2df9b86]" started-at="2022-06-14T13:13:43 IST" name="CloseBrowser" finished-at="2022-06-14T13:13:44 IST" duration-ms="1635" status="PASS">
          <reporter-output>
          </reporter-output>
        </test-method> <!-- CloseBrowser -->
      </class> <!-- poMRepositorycreate.LoginTC -->
    </test> <!-- Default test -->
  </suite> <!-- Default suite -->
</testng-results>
