<?xml version="1.0" encoding="UTF-8"?>
<!-- Generated by org.testng.reporters.JUnitXMLReporter -->
<testsuite ignored="0" hostname="ELF34-SartajAzeez" failures="0" tests="3" name="Default test" time="45.413" errors="0" timestamp="2022-06-14T13:13:45 IST">
  <testcase classname="poMRepositorycreate.LoginTC" name="TC_01" time="21.043"/>
  <testcase classname="poMRepositorycreate.LoginTC" name="TC_01" time="5.68"/>
  <testcase classname="poMRepositorycreate.LoginTC" name="TC_01" time="6.134"/>
</testsuite> <!-- Default test -->
